<?xml version="1.0" encoding="UTF-8" ?>
<testsuites>
 <testsuite name="Authentication Cenarios" timestamp="2017-12-29T14:10:59" hostname="localhost" time="15.431" errors="0" tests="6" skipped="0" disabled="0" failures="0">
  <testcase classname="Authentication Cenarios" name="Deve mostrar mensagem se não informar o email" time="4.097" />
  <testcase classname="Authentication Cenarios" name="Deve mostrar mensagem se email inválido" time="1.446" />
  <testcase classname="Authentication Cenarios" name="Deve mostrar mensagem se não informar a senha" time="1.853" />
  <testcase classname="Authentication Cenarios" name="Deve mostrar mensagem quando email não existir no cadastro do sistema" time="1.486" />
  <testcase classname="Authentication Cenarios" name="Deve mostrar mensagem quando senha não for a cadastrada para o email informado" time="1.602" />
  <testcase classname="Authentication Cenarios" name="Deve mostrar mensagem de sucesso se todos os campos sao preenchido corretamente" time="3.014" />
 </testsuite>
 <testsuite name="ContactUs Cenarios" timestamp="2017-12-29T14:11:14" hostname="localhost" time="10.421" errors="0" tests="5" skipped="0" disabled="0" failures="0">
  <testcase classname="ContactUs Cenarios" name="Deve mostrar mensagem se não informar o email" time="3.858" />
  <testcase classname="ContactUs Cenarios" name="Deve mostrar mensagem se email inválido" time="1.549" />
  <testcase classname="ContactUs Cenarios" name="Deve mostrar mensagem se mensagem não for informada" time="1.687" />
  <testcase classname="ContactUs Cenarios" name="Deve mostrar mensagem se assunto não for informada" time="1.56" />
  <testcase classname="ContactUs Cenarios" name="Deve mostrar mensagem de sucesso se todos os campos sao preenchido corretamente" time="1.766" />
 </testsuite>
 <testsuite name="Search Cenarios" timestamp="2017-12-29T14:11:24" hostname="localhost" time="10.481" errors="0" tests="3" skipped="0" disabled="0" failures="0">
  <testcase classname="Search Cenarios" name="Deve exibir os resultados da pesquisa" time="6.408" />
  <testcase classname="Search Cenarios" name="Não deve exibir resultados da pesquisa quando a pesquisa não retornar resultados" time="1.921" />
  <testcase classname="Search Cenarios" name="Deve exibir mensagem quando a pesquisa for em branco" time="2.152" />
 </testsuite>
</testsuites>