<?xml version="1.0" encoding="UTF-8" ?>
<testsuites>
 <testsuite name="Authentication Cenarios" timestamp="2017-12-29T11:30:40" hostname="localhost" time="16.834" errors="0" tests="6" skipped="0" disabled="0" failures="0">
  <testcase classname="Authentication Cenarios" name="Deve mostrar mensagem se não informar o email" time="5.298" />
  <testcase classname="Authentication Cenarios" name="Deve mostrar mensagem se email inválido" time="1.706" />
  <testcase classname="Authentication Cenarios" name="Deve mostrar mensagem se não informar a senha" time="1.796" />
  <testcase classname="Authentication Cenarios" name="Deve mostrar mensagem quando email não existir no cadastro do sistema" time="1.703" />
  <testcase classname="Authentication Cenarios" name="Deve mostrar mensagem quando senha não for a cadastrada para o email informado" time="1.952" />
  <testcase classname="Authentication Cenarios" name="Deve mostrar mensagem de sucesso se todos os campos sao preenchido corretamente" time="2.179" />
 </testsuite>
 <testsuite name="ContactUs Cenarios" timestamp="2017-12-29T11:30:57" hostname="localhost" time="11.21" errors="0" tests="5" skipped="0" disabled="0" failures="0">
  <testcase classname="ContactUs Cenarios" name="Deve mostrar mensagem se não informar o email" time="4.82" />
  <testcase classname="ContactUs Cenarios" name="Deve mostrar mensagem se email inválido" time="1.824" />
  <testcase classname="ContactUs Cenarios" name="Deve mostrar mensagem se mensagem não for informada" time="1.589" />
  <testcase classname="ContactUs Cenarios" name="Deve mostrar mensagem se assunto não for informada" time="1.451" />
  <testcase classname="ContactUs Cenarios" name="Deve mostrar mensagem de sucesso se todos os campos sao preenchido corretamente" time="1.526" />
 </testsuite>
 <testsuite name="Search Cenarios" timestamp="2017-12-29T11:31:08" hostname="localhost" time="11.313" errors="0" tests="3" skipped="0" disabled="0" failures="0">
  <testcase classname="Search Cenarios" name="Deve exibir os resultados da pesquisa" time="5.63" />
  <testcase classname="Search Cenarios" name="Deve exibir os resultados da pesquisa quando a pesquisa não retornar resultados" time="3.025" />
  <testcase classname="Search Cenarios" name="Deve exibir mensagem quando a pesquisa for em branco" time="2.658" />
 </testsuite>
</testsuites>