<?xml version="1.0" encoding="UTF-8" ?>
<testsuites>
 <testsuite name="Authentication Cenarios" timestamp="2017-12-29T13:03:04" hostname="localhost" time="23.587" errors="0" tests="6" skipped="0" disabled="0" failures="0">
  <testcase classname="Authentication Cenarios" name="Deve mostrar mensagem se não informar o email" time="3.902" />
  <testcase classname="Authentication Cenarios" name="Deve mostrar mensagem se email inválido" time="3.399" />
  <testcase classname="Authentication Cenarios" name="Deve mostrar mensagem se não informar a senha" time="2.406" />
  <testcase classname="Authentication Cenarios" name="Deve mostrar mensagem quando email não existir no cadastro do sistema" time="2.066" />
  <testcase classname="Authentication Cenarios" name="Deve mostrar mensagem quando senha não for a cadastrada para o email informado" time="4.203" />
  <testcase classname="Authentication Cenarios" name="Deve mostrar mensagem de sucesso se todos os campos sao preenchido corretamente" time="4.727" />
 </testsuite>
 <testsuite name="ContactUs Cenarios" timestamp="2017-12-29T13:03:28" hostname="localhost" time="23.99" errors="0" tests="5" skipped="0" disabled="0" failures="0">
  <testcase classname="ContactUs Cenarios" name="Deve mostrar mensagem se não informar o email" time="6.162" />
  <testcase classname="ContactUs Cenarios" name="Deve mostrar mensagem se email inválido" time="2.55" />
  <testcase classname="ContactUs Cenarios" name="Deve mostrar mensagem se mensagem não for informada" time="10.987" />
  <testcase classname="ContactUs Cenarios" name="Deve mostrar mensagem se assunto não for informada" time="2.302" />
  <testcase classname="ContactUs Cenarios" name="Deve mostrar mensagem de sucesso se todos os campos sao preenchido corretamente" time="1.988" />
 </testsuite>
 <testsuite name="Search Cenarios" timestamp="2017-12-29T13:03:52" hostname="localhost" time="24.014" errors="0" tests="3" skipped="0" disabled="0" failures="0">
  <testcase classname="Search Cenarios" name="Deve exibir os resultados da pesquisa" time="14.271" />
  <testcase classname="Search Cenarios" name="Não deve exibir resultados da pesquisa quando a pesquisa não retornar resultados" time="7.304" />
  <testcase classname="Search Cenarios" name="Deve exibir mensagem quando a pesquisa for em branco" time="2.438" />
 </testsuite>
</testsuites>